<?xml version="1.0" encoding="UTF-8"?>
<testsuite name="space.glimmer.lab.test.PartBTest" tests="2" skipped="0" failures="0" errors="0" timestamp="2021-01-21T05:25:22" hostname="DESKTOP-8BIMM91" time="0.002">
  <properties/>
  <testcase name="nodelistToBstTestB" classname="space.glimmer.lab.test.PartBTest" time="0.002"/>
  <testcase name="bstToNodelistTestB" classname="space.glimmer.lab.test.PartBTest" time="0.0"/>
  <system-out><![CDATA[]]></system-out>
  <system-err><![CDATA[]]></system-err>
</testsuite>
